#
# There is insufficient memory for the Java Runtime Environment to continue.
# Native memory allocation (mmap) failed to map 24817664 bytes for committing reserved memory.
# Possible reasons:
#   The system is out of physical RAM or swap space
#   The process is running with CompressedOops enabled, and the Java Heap may be blocking the growth of the native heap
# Possible solutions:
#   Reduce memory load on the system
#   Increase physical memory or swap space
#   Check if swap backing store is full
#   Decrease Java heap size (-Xmx/-Xms)
#   Decrease number of Java threads
#   Decrease Java thread stack sizes (-Xss)
#   Set larger code cache with -XX:ReservedCodeCacheSize=
#   JVM is running with Unscaled Compressed Oops mode in which the Java heap is
#     placed in the first 4GB address space. The Java Heap base address is the
#     maximum limit for the native heap growth. Please use -XX:HeapBaseMinAddress
#     to set the Java Heap base and to place the Java Heap above 4GB virtual address.
# This output file may be truncated or incomplete.
#
#  Out of Memory Error (os_linux.cpp:2985), pid=2805, tid=2828
#
# JRE version: OpenJDK Runtime Environment (11.0.11+9) (build 11.0.11+9-Ubuntu-0ubuntu2.18.04)
# Java VM: OpenJDK 64-Bit Server VM (11.0.11+9-Ubuntu-0ubuntu2.18.04, mixed mode, sharing, tiered, compressed oops, serial gc, linux-amd64)
# Core dump will be written. Default location: Core dumps may be processed with "/usr/share/apport/apport %p %s %c %d %P %E" (or dumping to /root/techno/techno-hub/core.2805)
#

---------------  S U M M A R Y ------------

Command Line: -Dclassworlds.conf=/usr/share/maven/bin/m2.conf -Dmaven.home=/usr/share/maven -Dlibrary.jansi.path=/usr/share/maven/lib/jansi-native -Dmaven.multiModuleProjectDirectory=/root/techno/techno-hub org.codehaus.plexus.classworlds.launcher.Launcher clean install

Host: DO-Regular, 1 cores, 985M, Ubuntu 18.04.5 LTS
Time: Tue Aug 17 10:22:32 2021 UTC elapsed time: 11.695057 seconds (0d 0h 0m 11s)

---------------  T H R E A D  ---------------

Current thread (0x00007f769004e800):  VMThread "VM Thread" [stack: 0x00007f76950a7000,0x00007f76951a7000] [id=2828]

Stack: [0x00007f76950a7000,0x00007f76951a7000],  sp=0x00007f76951a4ff0,  free space=1015k
Native frames: (J=compiled Java code, A=aot compiled Java code, j=interpreted, Vv=VM code, C=native code)
V  [libjvm.so+0xe1c39a]
V  [libjvm.so+0xe1d04b]
V  [libjvm.so+0x649755]
V  [libjvm.so+0xb7692a]
V  [libjvm.so+0xb6cc7f]
V  [libjvm.so+0xe147db]
V  [libjvm.so+0x529a21]
V  [libjvm.so+0x529c0b]
V  [libjvm.so+0xdae897]
V  [libjvm.so+0x52a323]
V  [libjvm.so+0x79c1f0]
V  [libjvm.so+0x79c7f5]
V  [libjvm.so+0xe1d653]
V  [libjvm.so+0xe1eb58]
V  [libjvm.so+0xe24a47]
V  [libjvm.so+0xe250d8]
V  [libjvm.so+0xe253e3]
V  [libjvm.so+0xdb67e9]
V  [libjvm.so+0xb7b34e]

VM_Operation (0x00007f7699b27e40): GenCollectForAllocation, mode: safepoint, requested by thread 0x00007f7690016000


---------------  P R O C E S S  ---------------

Threads class SMR info:
_java_thread_list=0x00007f76900b1830, length=9, elements={
0x00007f7690016000, 0x00007f7690051800, 0x00007f7690053800, 0x00007f769005c800,
0x00007f769005e800, 0x00007f7690060800, 0x00007f7690062800, 0x00007f7690064800,
0x00007f76900b0000
}

Java Threads: ( => current thread )
  0x00007f7690016000 JavaThread "main" [_thread_blocked, id=2827, stack(0x00007f7699a2b000,0x00007f7699b2c000)]
  0x00007f7690051800 JavaThread "Reference Handler" daemon [_thread_blocked, id=2829, stack(0x00007f7694fa4000,0x00007f76950a5000)]
  0x00007f7690053800 JavaThread "Finalizer" daemon [_thread_blocked, id=2830, stack(0x00007f7694ea3000,0x00007f7694fa4000)]
  0x00007f769005c800 JavaThread "Signal Dispatcher" daemon [_thread_blocked, id=2831, stack(0x00007f7694a63000,0x00007f7694b64000)]
  0x00007f769005e800 JavaThread "Service Thread" daemon [_thread_blocked, id=2832, stack(0x00007f7694962000,0x00007f7694a63000)]
  0x00007f7690060800 JavaThread "C2 CompilerThread0" daemon [_thread_blocked, id=2833, stack(0x00007f7694861000,0x00007f7694962000)]
  0x00007f7690062800 JavaThread "C1 CompilerThread0" daemon [_thread_blocked, id=2834, stack(0x00007f7694760000,0x00007f7694861000)]
  0x00007f7690064800 JavaThread "Sweeper thread" daemon [_thread_blocked, id=2835, stack(0x00007f769465f000,0x00007f7694760000)]
  0x00007f76900b0000 JavaThread "Common-Cleaner" daemon [_thread_blocked, id=2837, stack(0x00007f769445c000,0x00007f769455d000)]

Other Threads:
=>0x00007f769004e800 VMThread "VM Thread" [stack: 0x00007f76950a7000,0x00007f76951a7000] [id=2828]
  0x00007f76900a9000 WatcherThread [stack: 0x00007f769455f000,0x00007f769465f000] [id=2836]

Threads with active compile tasks:
C2 CompilerThread0  11711 6667       4       jdk.nio.zipfs.ZipPath::getResolvedPath (42 bytes)

VM state:at safepoint (normal execution)

VM Mutex/Monitor currently owned by a thread:  ([mutex/lock_event])
[0x00007f76900125a0] Threads_lock - owner thread: 0x00007f769004e800
[0x00007f7690012d80] Heap_lock - owner thread: 0x00007f7690016000

Heap address: 0x00000000f0800000, size: 248 MB, Compressed Oops mode: 32-bit
Narrow klass base: 0x0000000800000000, Narrow klass shift: 3
Compressed class space size: 1073741824 Address: 0x0000000840000000

Heap:
 def new generation   total 25856K, used 0K [0x00000000f0800000, 0x00000000f2400000, 0x00000000f5aa0000)
  eden space 23040K,   0% used [0x00000000f0800000, 0x00000000f0800000, 0x00000000f1e80000)
  from space 2816K,   0% used [0x00000000f2140000, 0x00000000f2140000, 0x00000000f2400000)
  to   space 2816K,   0% used [0x00000000f1e80000, 0x00000000f1e80000, 0x00000000f2140000)
 tenured generation   total 58744K, used 49785K [0x00000000f5aa0000, 0x00000000f93fe000, 0x0000000100000000)
   the space 58744K,  84% used [0x00000000f5aa0000, 0x00000000f8b3e778, 0x00000000f8b3e800, 0x00000000f93fe000)
 Metaspace       used 30068K, capacity 31056K, committed 31360K, reserved 1077248K
  class space    used 3308K, capacity 3631K, committed 3712K, reserved 1048576K

Card table byte_map: [0x00007f769999a000,0x00007f7699a17000] _byte_map_base: 0x00007f7699216000

Polling page: 0x00007f7699b34000

Metaspace:

Usage:
  Non-class:     26.78 MB capacity,    26.13 MB ( 98%) used,   602.54 KB (  2%) free+waste,    62.38 KB ( <1%) overhead. 
      Class:      3.55 MB capacity,     3.23 MB ( 91%) used,   295.51 KB (  8%) free+waste,    27.25 KB ( <1%) overhead. 
       Both:     30.33 MB capacity,    29.36 MB ( 97%) used,   898.05 KB (  3%) free+waste,    89.62 KB ( <1%) overhead. 

Virtual space:
  Non-class space:       28.00 MB reserved,      27.00 MB ( 96%) committed 
      Class space:        1.00 GB reserved,       3.62 MB ( <1%) committed 
             Both:        1.03 GB reserved,      30.62 MB (  3%) committed 

Chunk freelists:
   Non-Class:  31.00 KB
       Class:  17.00 KB
        Both:  48.00 KB

MaxMetaspaceSize: unlimited
CompressedClassSpaceSize: 1.00 GB

CodeHeap 'non-profiled nmethods': size=120036Kb used=2218Kb max_used=2218Kb free=117817Kb
 bounds [0x00007f768033f000, 0x00007f76805af000, 0x00007f7687878000]
CodeHeap 'profiled nmethods': size=120032Kb used=13466Kb max_used=13466Kb free=106565Kb
 bounds [0x00007f7678e07000, 0x00007f7679b37000, 0x00007f768033f000]
CodeHeap 'non-nmethods': size=5692Kb used=1130Kb max_used=1179Kb free=4562Kb
 bounds [0x00007f7678878000, 0x00007f7678ae8000, 0x00007f7678e07000]
 total_blobs=7117 nmethods=6655 adapters=376
 compilation: enabled
              stopped_count=0, restarted_count=0
 full_count=0

Compilation events (20 events):
Event: 11.097 Thread 0x00007f7690060800 nmethod 6711 0x00007f7680560790 code [0x00007f7680560bc0, 0x00007f7680564998]
Event: 11.105 Thread 0x00007f7690060800 6654       4       jdk.internal.util.ArraysSupport::mismatch (73 bytes)
Event: 11.144 Thread 0x00007f7690060800 nmethod 6654 0x00007f7680566e90 code [0x00007f7680567020, 0x00007f76805671f8]
Event: 11.152 Thread 0x00007f7690060800 6652       4       jdk.nio.zipfs.ZipFileSystem$IndexNode::keyOf (37 bytes)
Event: 11.180 Thread 0x00007f7690062800 6725  s    2       java.io.ByteArrayOutputStream::write (32 bytes)
Event: 11.195 Thread 0x00007f7690062800 nmethod 6725 0x00007f7679b2c490 code [0x00007f7679b2c660, 0x00007f7679b2c980]
Event: 11.198 Thread 0x00007f7690060800 nmethod 6652 0x00007f7680567390 code [0x00007f7680567560, 0x00007f7680567858]
Event: 11.199 Thread 0x00007f7690060800 6724       4       java.net.URI::match (56 bytes)
Event: 11.201 Thread 0x00007f7690060800 nmethod 6724 0x00007f7680567a90 code [0x00007f7680567c20, 0x00007f7680567cd8]
Event: 11.201 Thread 0x00007f7690060800 6661       4       java.util.Arrays::equals (43 bytes)
Event: 11.205 Thread 0x00007f7690060800 nmethod 6661 0x00007f7680567d90 code [0x00007f7680567f20, 0x00007f7680568118]
Event: 11.205 Thread 0x00007f7690060800 6663       4       jdk.nio.zipfs.ZipFileSystem$IndexNode::equals (40 bytes)
Event: 11.208 Thread 0x00007f7690060800 nmethod 6663 0x00007f7680568310 code [0x00007f76805684a0, 0x00007f7680568638]
Event: 11.208 Thread 0x00007f7690060800 6666       4       jdk.nio.zipfs.JarFileSystem::getInode (18 bytes)
Event: 11.256 Thread 0x00007f7690062800 6726       2       java.lang.reflect.ProxyGenerator$MethodInfo::<init> (86 bytes)
Event: 11.265 Thread 0x00007f7690062800 nmethod 6726 0x00007f7679b2cb10 code [0x00007f7679b2cd40, 0x00007f7679b2d280]
Event: 11.267 Thread 0x00007f7690060800 nmethod 6666 0x00007f7680568710 code [0x00007f7680568920, 0x00007f76805691f0]
Event: 11.268 Thread 0x00007f7690062800 6727       2       java.lang.reflect.ProxyGenerator::code_astore (11 bytes)
Event: 11.268 Thread 0x00007f7690062800 nmethod 6727 0x00007f7679b2d590 code [0x00007f7679b2d740, 0x00007f7679b2d880]
Event: 11.270 Thread 0x00007f7690060800 6667       4       jdk.nio.zipfs.ZipPath::getResolvedPath (42 bytes)

GC Heap History (20 events):
Event: 7.669 GC heap after
{Heap after GC invocations=56 (full 3):
 def new generation   total 25856K, used 2815K [0x00000000f0800000, 0x00000000f2400000, 0x00000000f5aa0000)
  eden space 23040K,   0% used [0x00000000f0800000, 0x00000000f0800000, 0x00000000f1e80000)
  from space 2816K,  99% used [0x00000000f2140000, 0x00000000f23ffff8, 0x00000000f2400000)
  to   space 2816K,   0% used [0x00000000f1e80000, 0x00000000f1e80000, 0x00000000f2140000)
 tenured generation   total 57296K, used 35711K [0x00000000f5aa0000, 0x00000000f9294000, 0x0000000100000000)
   the space 57296K,  62% used [0x00000000f5aa0000, 0x00000000f7d7ff58, 0x00000000f7d80000, 0x00000000f9294000)
 Metaspace       used 25156K, capacity 25989K, committed 26112K, reserved 1073152K
  class space    used 2809K, capacity 3043K, committed 3072K, reserved 1048576K
}
Event: 8.186 GC heap before
{Heap before GC invocations=56 (full 3):
 def new generation   total 25856K, used 25855K [0x00000000f0800000, 0x00000000f2400000, 0x00000000f5aa0000)
  eden space 23040K, 100% used [0x00000000f0800000, 0x00000000f1e80000, 0x00000000f1e80000)
  from space 2816K,  99% used [0x00000000f2140000, 0x00000000f23ffff8, 0x00000000f2400000)
  to   space 2816K,   0% used [0x00000000f1e80000, 0x00000000f1e80000, 0x00000000f2140000)
 tenured generation   total 57296K, used 35711K [0x00000000f5aa0000, 0x00000000f9294000, 0x0000000100000000)
   the space 57296K,  62% used [0x00000000f5aa0000, 0x00000000f7d7ff58, 0x00000000f7d80000, 0x00000000f9294000)
 Metaspace       used 26534K, capacity 27489K, committed 27648K, reserved 1073152K
  class space    used 2949K, capacity 3225K, committed 3328K, reserved 1048576K
}
Event: 8.210 GC heap after
{Heap after GC invocations=57 (full 3):
 def new generation   total 25856K, used 1618K [0x00000000f0800000, 0x00000000f2400000, 0x00000000f5aa0000)
  eden space 23040K,   0% used [0x00000000f0800000, 0x00000000f0800000, 0x00000000f1e80000)
  from space 2816K,  57% used [0x00000000f1e80000, 0x00000000f20149d8, 0x00000000f2140000)
  to   space 2816K,   0% used [0x00000000f2140000, 0x00000000f2140000, 0x00000000f2400000)
 tenured generation   total 57296K, used 38489K [0x00000000f5aa0000, 0x00000000f9294000, 0x0000000100000000)
   the space 57296K,  67% used [0x00000000f5aa0000, 0x00000000f8036478, 0x00000000f8036600, 0x00000000f9294000)
 Metaspace       used 26534K, capacity 27489K, committed 27648K, reserved 1073152K
  class space    used 2949K, capacity 3225K, committed 3328K, reserved 1048576K
}
Event: 8.548 GC heap before
{Heap before GC invocations=57 (full 3):
 def new generation   total 25856K, used 24658K [0x00000000f0800000, 0x00000000f2400000, 0x00000000f5aa0000)
  eden space 23040K, 100% used [0x00000000f0800000, 0x00000000f1e80000, 0x00000000f1e80000)
  from space 2816K,  57% used [0x00000000f1e80000, 0x00000000f20149d8, 0x00000000f2140000)
  to   space 2816K,   0% used [0x00000000f2140000, 0x00000000f2140000, 0x00000000f2400000)
 tenured generation   total 57296K, used 38489K [0x00000000f5aa0000, 0x00000000f9294000, 0x0000000100000000)
   the space 57296K,  67% used [0x00000000f5aa0000, 0x00000000f8036478, 0x00000000f8036600, 0x00000000f9294000)
 Metaspace       used 27700K, capacity 28680K, committed 28800K, reserved 1075200K
  class space    used 3069K, capacity 3337K, committed 3456K, reserved 1048576K
}
Event: 8.554 GC heap after
{Heap after GC invocations=58 (full 3):
 def new generation   total 25856K, used 368K [0x00000000f0800000, 0x00000000f2400000, 0x00000000f5aa0000)
  eden space 23040K,   0% used [0x00000000f0800000, 0x00000000f0800000, 0x00000000f1e80000)
  from space 2816K,  13% used [0x00000000f2140000, 0x00000000f219c170, 0x00000000f2400000)
  to   space 2816K,   0% used [0x00000000f1e80000, 0x00000000f1e80000, 0x00000000f2140000)
 tenured generation   total 57296K, used 40031K [0x00000000f5aa0000, 0x00000000f9294000, 0x0000000100000000)
   the space 57296K,  69% used [0x00000000f5aa0000, 0x00000000f81b7ee0, 0x00000000f81b8000, 0x00000000f9294000)
 Metaspace       used 27700K, capacity 28680K, committed 28800K, reserved 1075200K
  class space    used 3069K, capacity 3337K, committed 3456K, reserved 1048576K
}
Event: 9.254 GC heap before
{Heap before GC invocations=58 (full 3):
 def new generation   total 25856K, used 23408K [0x00000000f0800000, 0x00000000f2400000, 0x00000000f5aa0000)
  eden space 23040K, 100% used [0x00000000f0800000, 0x00000000f1e80000, 0x00000000f1e80000)
  from space 2816K,  13% used [0x00000000f2140000, 0x00000000f219c170, 0x00000000f2400000)
  to   space 2816K,   0% used [0x00000000f1e80000, 0x00000000f1e80000, 0x00000000f2140000)
 tenured generation   total 57296K, used 40031K [0x00000000f5aa0000, 0x00000000f9294000, 0x0000000100000000)
   the space 57296K,  69% used [0x00000000f5aa0000, 0x00000000f81b7ee0, 0x00000000f81b8000, 0x00000000f9294000)
 Metaspace       used 28993K, capacity 29957K, committed 30208K, reserved 1075200K
  class space    used 3200K, capacity 3481K, committed 3584K, reserved 1048576K
}
Event: 9.259 GC heap after
{Heap after GC invocations=59 (full 3):
 def new generation   total 25856K, used 1273K [0x00000000f0800000, 0x00000000f2400000, 0x00000000f5aa0000)
  eden space 23040K,   0% used [0x00000000f0800000, 0x00000000f0800000, 0x00000000f1e80000)
  from space 2816K,  45% used [0x00000000f1e80000, 0x00000000f1fbe5a0, 0x00000000f2140000)
  to   space 2816K,   0% used [0x00000000f2140000, 0x00000000f2140000, 0x00000000f2400000)
 tenured generation   total 57296K, used 40031K [0x00000000f5aa0000, 0x00000000f9294000, 0x0000000100000000)
   the space 57296K,  69% used [0x00000000f5aa0000, 0x00000000f81b7ee0, 0x00000000f81b8000, 0x00000000f9294000)
 Metaspace       used 28993K, capacity 29957K, committed 30208K, reserved 1075200K
  class space    used 3200K, capacity 3481K, committed 3584K, reserved 1048576K
}
Event: 9.491 GC heap before
{Heap before GC invocations=59 (full 3):
 def new generation   total 25856K, used 24298K [0x00000000f0800000, 0x00000000f2400000, 0x00000000f5aa0000)
  eden space 23040K,  99% used [0x00000000f0800000, 0x00000000f1e7c378, 0x00000000f1e80000)
  from space 2816K,  45% used [0x00000000f1e80000, 0x00000000f1fbe5a0, 0x00000000f2140000)
  to   space 2816K,   0% used [0x00000000f2140000, 0x00000000f2140000, 0x00000000f2400000)
 tenured generation   total 57296K, used 40031K [0x00000000f5aa0000, 0x00000000f9294000, 0x0000000100000000)
   the space 57296K,  69% used [0x00000000f5aa0000, 0x00000000f81b7ee0, 0x00000000f81b8000, 0x00000000f9294000)
 Metaspace       used 29280K, capacity 30212K, committed 30464K, reserved 1077248K
  class space    used 3216K, capacity 3522K, committed 3584K, reserved 1048576K
}
Event: 9.497 GC heap after
{Heap after GC invocations=60 (full 3):
 def new generation   total 25856K, used 2557K [0x00000000f0800000, 0x00000000f2400000, 0x00000000f5aa0000)
  eden space 23040K,   0% used [0x00000000f0800000, 0x00000000f0800000, 0x00000000f1e80000)
  from space 2816K,  90% used [0x00000000f2140000, 0x00000000f23bf5e0, 0x00000000f2400000)
  to   space 2816K,   0% used [0x00000000f1e80000, 0x00000000f1e80000, 0x00000000f2140000)
 tenured generation   total 57296K, used 40031K [0x00000000f5aa0000, 0x00000000f9294000, 0x0000000100000000)
   the space 57296K,  69% used [0x00000000f5aa0000, 0x00000000f81b7ee0, 0x00000000f81b8000, 0x00000000f9294000)
 Metaspace       used 29280K, capacity 30212K, committed 30464K, reserved 1077248K
  class space    used 3216K, capacity 3522K, committed 3584K, reserved 1048576K
}
Event: 9.508 GC heap before
{Heap before GC invocations=60 (full 3):
 def new generation   total 25856K, used 25597K [0x00000000f0800000, 0x00000000f2400000, 0x00000000f5aa0000)
  eden space 23040K, 100% used [0x00000000f0800000, 0x00000000f1e80000, 0x00000000f1e80000)
  from space 2816K,  90% used [0x00000000f2140000, 0x00000000f23bf5e0, 0x00000000f2400000)
  to   space 2816K,   0% used [0x00000000f1e80000, 0x00000000f1e80000, 0x00000000f2140000)
 tenured generation   total 57296K, used 40031K [0x00000000f5aa0000, 0x00000000f9294000, 0x0000000100000000)
   the space 57296K,  69% used [0x00000000f5aa0000, 0x00000000f81b7ee0, 0x00000000f81b8000, 0x00000000f9294000)
 Metaspace       used 29280K, capacity 30212K, committed 30464K, reserved 1077248K
  class space    used 3216K, capacity 3522K, committed 3584K, reserved 1048576K
}
Event: 9.514 GC heap after
{Heap after GC invocations=61 (full 3):
 def new generation   total 25856K, used 1337K [0x00000000f0800000, 0x00000000f2400000, 0x00000000f5aa0000)
  eden space 23040K,   0% used [0x00000000f0800000, 0x00000000f0800000, 0x00000000f1e80000)
  from space 2816K,  47% used [0x00000000f1e80000, 0x00000000f1fce470, 0x00000000f2140000)
  to   space 2816K,   0% used [0x00000000f2140000, 0x00000000f2140000, 0x00000000f2400000)
 tenured generation   total 57296K, used 41289K [0x00000000f5aa0000, 0x00000000f9294000, 0x0000000100000000)
   the space 57296K,  72% used [0x00000000f5aa0000, 0x00000000f82f2420, 0x00000000f82f2600, 0x00000000f9294000)
 Metaspace       used 29280K, capacity 30212K, committed 30464K, reserved 1077248K
  class space    used 3216K, capacity 3522K, committed 3584K, reserved 1048576K
}
Event: 9.668 GC heap before
{Heap before GC invocations=61 (full 3):
 def new generation   total 25856K, used 24366K [0x00000000f0800000, 0x00000000f2400000, 0x00000000f5aa0000)
  eden space 23040K,  99% used [0x00000000f0800000, 0x00000000f1e7d768, 0x00000000f1e80000)
  from space 2816K,  47% used [0x00000000f1e80000, 0x00000000f1fce470, 0x00000000f2140000)
  to   space 2816K,   0% used [0x00000000f2140000, 0x00000000f2140000, 0x00000000f2400000)
 tenured generation   total 57296K, used 41289K [0x00000000f5aa0000, 0x00000000f9294000, 0x0000000100000000)
   the space 57296K,  72% used [0x00000000f5aa0000, 0x00000000f82f2420, 0x00000000f82f2600, 0x00000000f9294000)
 Metaspace       used 29312K, capacity 30222K, committed 30464K, reserved 1077248K
  class space    used 3217K, capacity 3524K, committed 3584K, reserved 1048576K
}
Event: 9.687 GC heap after
{Heap after GC invocations=62 (full 3):
 def new generation   total 25856K, used 2816K [0x00000000f0800000, 0x00000000f2400000, 0x00000000f5aa0000)
  eden space 23040K,   0% used [0x00000000f0800000, 0x00000000f0800000, 0x00000000f1e80000)
  from space 2816K, 100% used [0x00000000f2140000, 0x00000000f2400000, 0x00000000f2400000)
  to   space 2816K,   0% used [0x00000000f1e80000, 0x00000000f1e80000, 0x00000000f2140000)
 tenured generation   total 57296K, used 45759K [0x00000000f5aa0000, 0x00000000f9294000, 0x0000000100000000)
   the space 57296K,  79% used [0x00000000f5aa0000, 0x00000000f874fc28, 0x00000000f874fe00, 0x00000000f9294000)
 Metaspace       used 29312K, capacity 30222K, committed 30464K, reserved 1077248K
  class space    used 3217K, capacity 3524K, committed 3584K, reserved 1048576K
}
Event: 9.737 GC heap before
{Heap before GC invocations=62 (full 3):
 def new generation   total 25856K, used 25818K [0x00000000f0800000, 0x00000000f2400000, 0x00000000f5aa0000)
  eden space 23040K,  99% used [0x00000000f0800000, 0x00000000f1e76b98, 0x00000000f1e80000)
  from space 2816K, 100% used [0x00000000f2140000, 0x00000000f2400000, 0x00000000f2400000)
  to   space 2816K,   0% used [0x00000000f1e80000, 0x00000000f1e80000, 0x00000000f2140000)
 tenured generation   total 57296K, used 45759K [0x00000000f5aa0000, 0x00000000f9294000, 0x0000000100000000)
   the space 57296K,  79% used [0x00000000f5aa0000, 0x00000000f874fc28, 0x00000000f874fe00, 0x00000000f9294000)
 Metaspace       used 29323K, capacity 30286K, committed 30464K, reserved 1077248K
  class space    used 3217K, capacity 3524K, committed 3584K, reserved 1048576K
}
Event: 9.749 GC heap after
{Heap after GC invocations=63 (full 3):
 def new generation   total 25856K, used 2626K [0x00000000f0800000, 0x00000000f2400000, 0x00000000f5aa0000)
  eden space 23040K,   0% used [0x00000000f0800000, 0x00000000f0800000, 0x00000000f1e80000)
  from space 2816K,  93% used [0x00000000f1e80000, 0x00000000f2110b20, 0x00000000f2140000)
  to   space 2816K,   0% used [0x00000000f2140000, 0x00000000f2140000, 0x00000000f2400000)
 tenured generation   total 57296K, used 48550K [0x00000000f5aa0000, 0x00000000f9294000, 0x0000000100000000)
   the space 57296K,  84% used [0x00000000f5aa0000, 0x00000000f8a09838, 0x00000000f8a09a00, 0x00000000f9294000)
 Metaspace       used 29323K, capacity 30286K, committed 30464K, reserved 1077248K
  class space    used 3217K, capacity 3524K, committed 3584K, reserved 1048576K
}
Event: 9.792 GC heap before
{Heap before GC invocations=63 (full 3):
 def new generation   total 25856K, used 25666K [0x00000000f0800000, 0x00000000f2400000, 0x00000000f5aa0000)
  eden space 23040K, 100% used [0x00000000f0800000, 0x00000000f1e80000, 0x00000000f1e80000)
  from space 2816K,  93% used [0x00000000f1e80000, 0x00000000f2110b20, 0x00000000f2140000)
  to   space 2816K,   0% used [0x00000000f2140000, 0x00000000f2140000, 0x00000000f2400000)
 tenured generation   total 57296K, used 48550K [0x00000000f5aa0000, 0x00000000f9294000, 0x0000000100000000)
   the space 57296K,  84% used [0x00000000f5aa0000, 0x00000000f8a09838, 0x00000000f8a09a00, 0x00000000f9294000)
 Metaspace       used 29323K, capacity 30286K, committed 30464K, reserved 1077248K
  class space    used 3217K, capacity 3524K, committed 3584K, reserved 1048576K
}
Event: 9.797 GC heap after
{Heap after GC invocations=64 (full 3):
 def new generation   total 25856K, used 946K [0x00000000f0800000, 0x00000000f2400000, 0x00000000f5aa0000)
  eden space 23040K,   0% used [0x00000000f0800000, 0x00000000f0800000, 0x00000000f1e80000)
  from space 2816K,  33% used [0x00000000f2140000, 0x00000000f222c918, 0x00000000f2400000)
  to   space 2816K,   0% used [0x00000000f1e80000, 0x00000000f1e80000, 0x00000000f2140000)
 tenured generation   total 57296K, used 51109K [0x00000000f5aa0000, 0x00000000f9294000, 0x0000000100000000)
   the space 57296K,  89% used [0x00000000f5aa0000, 0x00000000f8c89780, 0x00000000f8c89800, 0x00000000f9294000)
 Metaspace       used 29323K, capacity 30286K, committed 30464K, reserved 1077248K
  class space    used 3217K, capacity 3524K, committed 3584K, reserved 1048576K
}
Event: 9.972 GC heap before
{Heap before GC invocations=64 (full 3):
 def new generation   total 25856K, used 23986K [0x00000000f0800000, 0x00000000f2400000, 0x00000000f5aa0000)
  eden space 23040K, 100% used [0x00000000f0800000, 0x00000000f1e80000, 0x00000000f1e80000)
  from space 2816K,  33% used [0x00000000f2140000, 0x00000000f222c918, 0x00000000f2400000)
  to   space 2816K,   0% used [0x00000000f1e80000, 0x00000000f1e80000, 0x00000000f2140000)
 tenured generation   total 57296K, used 51109K [0x00000000f5aa0000, 0x00000000f9294000, 0x0000000100000000)
   the space 57296K,  89% used [0x00000000f5aa0000, 0x00000000f8c89780, 0x00000000f8c89800, 0x00000000f9294000)
 Metaspace       used 29332K, capacity 30286K, committed 30464K, reserved 1077248K
  class space    used 3217K, capacity 3524K, committed 3584K, reserved 1048576K
}
Event: 9.998 GC heap after
{Heap after GC invocations=65 (full 3):
 def new generation   total 25856K, used 2816K [0x00000000f0800000, 0x00000000f2400000, 0x00000000f5aa0000)
  eden space 23040K,   0% used [0x00000000f0800000, 0x00000000f0800000, 0x00000000f1e80000)
  from space 2816K, 100% used [0x00000000f1e80000, 0x00000000f2140000, 0x00000000f2140000)
  to   space 2816K,   0% used [0x00000000f2140000, 0x00000000f2140000, 0x00000000f2400000)
 tenured generation   total 57296K, used 55899K [0x00000000f5aa0000, 0x00000000f9294000, 0x0000000100000000)
   the space 57296K,  97% used [0x00000000f5aa0000, 0x00000000f9136fa8, 0x00000000f9137000, 0x00000000f9294000)
 Metaspace       used 29332K, capacity 30286K, committed 30464K, reserved 1077248K
  class space    used 3217K, capacity 3524K, committed 3584K, reserved 1048576K
}
Event: 11.278 GC heap before
{Heap before GC invocations=65 (full 3):
 def new generation   total 25856K, used 25799K [0x00000000f0800000, 0x00000000f2400000, 0x00000000f5aa0000)
  eden space 23040K,  99% used [0x00000000f0800000, 0x00000000f1e71d28, 0x00000000f1e80000)
  from space 2816K, 100% used [0x00000000f1e80000, 0x00000000f2140000, 0x00000000f2140000)
  to   space 2816K,   0% used [0x00000000f2140000, 0x00000000f2140000, 0x00000000f2400000)
 tenured generation   total 57296K, used 55899K [0x00000000f5aa0000, 0x00000000f9294000, 0x0000000100000000)
   the space 57296K,  97% used [0x00000000f5aa0000, 0x00000000f9136fa8, 0x00000000f9137000, 0x00000000f9294000)
 Metaspace       used 30068K, capacity 31056K, committed 31360K, reserved 1077248K
  class space    used 3308K, capacity 3631K, committed 3712K, reserved 1048576K
}

Deoptimization events (20 events):
Event: 9.892 Thread 0x00007f7690016000 DEOPT PACKING pc=0x00007f76797b7d1d sp=0x00007f7699b286b0
Event: 9.892 Thread 0x00007f7690016000 DEOPT UNPACKING pc=0x00007f767889da4a sp=0x00007f7699b27c10 mode 0
Event: 9.921 Thread 0x00007f7690016000 DEOPT PACKING pc=0x00007f7679af2ed6 sp=0x00007f7699b28440
Event: 9.921 Thread 0x00007f7690016000 DEOPT UNPACKING pc=0x00007f767889da4a sp=0x00007f7699b27a40 mode 0
Event: 9.922 Thread 0x00007f7690016000 DEOPT PACKING pc=0x00007f7679af0808 sp=0x00007f7699b282d0
Event: 9.922 Thread 0x00007f7690016000 DEOPT UNPACKING pc=0x00007f767889da4a sp=0x00007f7699b27850 mode 0
Event: 10.120 Thread 0x00007f7690016000 DEOPT PACKING pc=0x00007f76797d0e60 sp=0x00007f7699b28110
Event: 10.124 Thread 0x00007f7690016000 DEOPT UNPACKING pc=0x00007f767889da4a sp=0x00007f7699b276b0 mode 0
Event: 10.141 Thread 0x00007f7690016000 DEOPT PACKING pc=0x00007f76797d0e60 sp=0x00007f7699b27eb0
Event: 10.141 Thread 0x00007f7690016000 DEOPT UNPACKING pc=0x00007f767889da4a sp=0x00007f7699b27450 mode 0
Event: 10.176 Thread 0x00007f7690016000 DEOPT PACKING pc=0x00007f7679532977 sp=0x00007f7699b271d0
Event: 10.176 Thread 0x00007f7690016000 DEOPT UNPACKING pc=0x00007f767889da4a sp=0x00007f7699b26768 mode 0
Event: 10.339 Thread 0x00007f7690016000 DEOPT PACKING pc=0x00007f7679001708 sp=0x00007f7699b264f0
Event: 10.340 Thread 0x00007f7690016000 DEOPT UNPACKING pc=0x00007f767889da4a sp=0x00007f7699b259a8 mode 0
Event: 10.637 Thread 0x00007f7690016000 DEOPT PACKING pc=0x00007f7679001708 sp=0x00007f7699b26320
Event: 10.638 Thread 0x00007f7690016000 DEOPT UNPACKING pc=0x00007f767889da4a sp=0x00007f7699b257d8 mode 0
Event: 10.704 Thread 0x00007f7690016000 DEOPT PACKING pc=0x00007f7679532977 sp=0x00007f7699b25350
Event: 10.708 Thread 0x00007f7690016000 DEOPT UNPACKING pc=0x00007f767889da4a sp=0x00007f7699b248e8 mode 0
Event: 11.157 Thread 0x00007f7690016000 DEOPT PACKING pc=0x00007f7679001708 sp=0x00007f7699b275b0
Event: 11.157 Thread 0x00007f7690016000 DEOPT UNPACKING pc=0x00007f767889da4a sp=0x00007f7699b26a68 mode 0

Classes redefined (0 events):
No events

Internal exceptions (20 events):
Event: 2.186 Thread 0x00007f7690016000 Exception <a 'java/lang/NoClassDefFoundError'{0x00000000f085bdb0}: com/google/inject/servlet/ServletModuleTargetVisitor> (0x00000000f085bdb0) thrown at [src/hotspot/share/classfile/systemDictionary.cpp, line 220]
Event: 2.186 Thread 0x00007f7690016000 Exception <a 'java/lang/NoClassDefFoundError'{0x00000000f085bdb0}> (0x00000000f085bdb0) thrown at [src/hotspot/share/prims/jvm.cpp, line 1310]
Event: 2.664 Thread 0x00007f7690016000 Implicit null exception at 0x00007f7680361484 to 0x00007f76803618c8
Event: 2.664 Thread 0x00007f7690016000 Implicit null exception at 0x00007f7680361e84 to 0x00007f76803622b8
Event: 3.513 Thread 0x00007f7690016000 Implicit null exception at 0x00007f76803a7205 to 0x00007f76803a73dc
Event: 3.513 Thread 0x00007f7690016000 Implicit null exception at 0x00007f76803ac9af to 0x00007f76803aca2d
Event: 4.397 Thread 0x00007f7690016000 Implicit null exception at 0x00007f76804517de to 0x00007f7680451cb4
Event: 6.231 Thread 0x00007f7690016000 Exception <a 'java/lang/NoSuchMethodError'{0x00000000f0daac58}: 'int java.lang.invoke.DirectMethodHandle$Holder.invokeVirtual(java.lang.Object, java.lang.Object, java.lang.Object)'> (0x00000000f0daac58) thrown at [src/hotspot/share/interpreter/linkResolver.cpp, line 773]
Event: 6.315 Thread 0x00007f7690016000 Exception <a 'java/lang/NoSuchMethodError'{0x00000000f0ebcb98}: 'int java.lang.invoke.DirectMethodHandle$Holder.invokeStaticInit(java.lang.Object, java.lang.Object)'> (0x00000000f0ebcb98) thrown at [src/hotspot/share/interpreter/linkResolver.cpp, line 773]
Event: 6.408 Thread 0x00007f7690016000 Exception <a 'java/lang/NoSuchMethodError'{0x00000000f0f94900}: 'int java.lang.invoke.DirectMethodHandle$Holder.invokeVirtual(java.lang.Object, java.lang.Object)'> (0x00000000f0f94900) thrown at [src/hotspot/share/interpreter/linkResolver.cpp, line 773]
Event: 6.415 Thread 0x00007f7690016000 Exception <a 'java/lang/NoSuchMethodError'{0x00000000f0fc37f8}: 'java.lang.Object java.lang.invoke.Invokers$Holder.linkToTargetMethod(java.lang.Object, java.lang.Object, java.lang.Object, java.lang.Object, java.lang.Object, java.lang.Object)'> (0x00000000f0fc37f8) thrown at [src/hotspot/share/interpreter/linkResolver.cpp, line 773]
Event: 7.275 Thread 0x00007f7690016000 Exception <a 'java/lang/NoSuchMethodError'{0x00000000f0ac4678}: 'int java.lang.invoke.DirectMethodHandle$Holder.invokeSpecial(java.lang.Object, java.lang.Object, java.lang.Object, java.lang.Object, java.lang.Object)'> (0x00000000f0ac4678) thrown at [src/hotspot/share/interpreter/linkResolver.cpp, line 773]
Event: 9.028 Thread 0x00007f7690016000 Exception <a 'sun/nio/fs/UnixException'{0x00000000f1a3ad80}> (0x00000000f1a3ad80) thrown at [src/hotspot/share/prims/jni.cpp, line 615]
Event: 9.028 Thread 0x00007f7690016000 Exception <a 'sun/nio/fs/UnixException'{0x00000000f1a3b440}> (0x00000000f1a3b440) thrown at [src/hotspot/share/prims/jni.cpp, line 615]
Event: 9.028 Thread 0x00007f7690016000 Exception <a 'sun/nio/fs/UnixException'{0x00000000f1a3baf0}> (0x00000000f1a3baf0) thrown at [src/hotspot/share/prims/jni.cpp, line 615]
Event: 9.076 Thread 0x00007f7690016000 Exception <a 'java/lang/NoSuchMethodError'{0x00000000f1b79f70}: 'int java.lang.invoke.DirectMethodHandle$Holder.invokeVirtual(java.lang.Object, java.lang.Object, java.lang.Object, java.lang.Object)'> (0x00000000f1b79f70) thrown at [src/hotspot/share/interpreter/linkResolver.cpp, line 773]
Event: 9.077 Thread 0x00007f7690016000 Exception <a 'java/lang/NoSuchMethodError'{0x00000000f1b85360}: 'java.lang.Object java.lang.invoke.DirectMethodHandle$Holder.invokeStatic(java.lang.Object, java.lang.Object, int, java.lang.Object)'> (0x00000000f1b85360) thrown at [src/hotspot/share/interpreter/linkResolver.cpp, line 773]
Event: 9.078 Thread 0x00007f7690016000 Exception <a 'java/lang/NoSuchMethodError'{0x00000000f1b8c0e0}: 'java.lang.Object java.lang.invoke.Invokers$Holder.linkToTargetMethod(java.lang.Object, int, java.lang.Object, java.lang.Object)'> (0x00000000f1b8c0e0) thrown at [src/hotspot/share/interpreter/linkResolver.cpp, line 773]
Event: 9.078 Thread 0x00007f7690016000 Exception <a 'java/lang/NoSuchMethodError'{0x00000000f1b91cc8}: 'java.lang.Object java.lang.invoke.DirectMethodHandle$Holder.invokeVirtual(java.lang.Object, java.lang.Object, java.lang.Object)'> (0x00000000f1b91cc8) thrown at [src/hotspot/share/interpreter/linkResolver.cpp, line 773]
Event: 9.401 Thread 0x00007f7690016000 Exception <a 'java/lang/NoSuchMethodError'{0x00000000f0bbf530}: 'int java.lang.invoke.DirectMethodHandle$Holder.invokeSpecial(java.lang.Object, java.lang.Object, java.lang.Object, java.lang.Object)'> (0x00000000f0bbf530) thrown at [src/hotspot/share/interpreter/linkResolver.cpp, line 773]

Events (20 events):
Event: 9.514 Executing VM operation: GenCollectForAllocation done
Event: 9.572 Executing VM operation: RevokeBias
Event: 9.572 Executing VM operation: RevokeBias done
Event: 9.611 loading class lombok/launch/AnnotationProcessorHider$AnnotationProcessor
Event: 9.611 loading class lombok/launch/AnnotationProcessorHider$AnnotationProcessor done
Event: 9.668 Executing VM operation: GenCollectForAllocation
Event: 9.687 Executing VM operation: GenCollectForAllocation done
Event: 9.737 Executing VM operation: GenCollectForAllocation
Event: 9.749 Executing VM operation: GenCollectForAllocation done
Event: 9.786 Executing VM operation: GenCollectForAllocation
Event: 9.797 Executing VM operation: GenCollectForAllocation done
Event: 9.971 Executing VM operation: GenCollectForAllocation
Event: 9.998 Executing VM operation: GenCollectForAllocation done
Event: 10.148 loading class lombok/launch/Main
Event: 10.148 loading class lombok/launch/Main done
Event: 10.153 loading class lombok/launch/ShadowClassLoader
Event: 10.153 loading class lombok/launch/ShadowClassLoader done
Event: 10.167 loading class lombok/launch/AnnotationProcessorHider$AstModificationNotifierData
Event: 10.167 loading class lombok/launch/AnnotationProcessorHider$AstModificationNotifierData done
Event: 11.275 Executing VM operation: GenCollectForAllocation


Dynamic libraries:
f0800000-f2400000 rw-p 00000000 00:00 0 
f2400000-f5aa0000 ---p 00000000 00:00 0 
f5aa0000-f93fe000 rw-p 00000000 00:00 0 
faba9000-100000000 ---p 00000000 00:00 0 
800000000-800002000 rwxp 00001000 fc:01 258111                           /usr/lib/jvm/java-11-openjdk-amd64/lib/server/classes.jsa
800002000-8003b9000 rw-p 00003000 fc:01 258111                           /usr/lib/jvm/java-11-openjdk-amd64/lib/server/classes.jsa
8003b9000-800a82000 r--p 003ba000 fc:01 258111                           /usr/lib/jvm/java-11-openjdk-amd64/lib/server/classes.jsa
800a82000-800a83000 rw-p 00a83000 fc:01 258111                           /usr/lib/jvm/java-11-openjdk-amd64/lib/server/classes.jsa
800a83000-801091000 r--p 00a84000 fc:01 258111                           /usr/lib/jvm/java-11-openjdk-amd64/lib/server/classes.jsa
840000000-8403a0000 rw-p 00000000 00:00 0 
8403a0000-880000000 ---p 00000000 00:00 0 
55cd485a4000-55cd485a5000 r-xp 00000000 fc:01 258714                     /usr/lib/jvm/java-11-openjdk-amd64/bin/java
55cd487a5000-55cd487a6000 r--p 00001000 fc:01 258714                     /usr/lib/jvm/java-11-openjdk-amd64/bin/java
55cd487a6000-55cd487a7000 rw-p 00002000 fc:01 258714                     /usr/lib/jvm/java-11-openjdk-amd64/bin/java
55cd49e60000-55cd49e81000 rw-p 00000000 00:00 0                          [heap]
7f765b400000-7f765b500000 rw-p 00000000 00:00 0 
7f765b500000-7f765b600000 ---p 00000000 00:00 0 
7f765b600000-7f765b800000 rw-p 00000000 00:00 0 
7f765b800000-7f765ba00000 rw-p 00000000 00:00 0 
7f765ba00000-7f765bc00000 rw-p 00000000 00:00 0 
7f765bc00000-7f765be00000 rw-p 00000000 00:00 0 
7f765be00000-7f765c000000 rw-p 00000000 00:00 0 
7f765c000000-7f765d947000 rw-p 00000000 00:00 0 
7f765d947000-7f7660000000 ---p 00000000 00:00 0 
7f7660000000-7f7660cd1000 rw-p 00000000 00:00 0 
7f7660cd1000-7f7664000000 ---p 00000000 00:00 0 
7f7664000000-7f7664021000 rw-p 00000000 00:00 0 
7f7664021000-7f7668000000 ---p 00000000 00:00 0 
7f7668000000-7f7668021000 rw-p 00000000 00:00 0 
7f7668021000-7f766c000000 ---p 00000000 00:00 0 
7f766c000000-7f766c021000 rw-p 00000000 00:00 0 
7f766c021000-7f7670000000 ---p 00000000 00:00 0 
7f7670000000-7f7670021000 rw-p 00000000 00:00 0 
7f7670021000-7f7674000000 ---p 00000000 00:00 0 
7f7674000000-7f767413e000 rw-p 00000000 00:00 0 
7f767413e000-7f7678000000 ---p 00000000 00:00 0 
7f7678078000-7f7678278000 rw-p 00000000 00:00 0 
7f7678278000-7f7678478000 rw-p 00000000 00:00 0 
7f7678478000-7f7678678000 rw-p 00000000 00:00 0 
7f7678678000-7f7678878000 rw-p 00000000 00:00 0 
7f7678878000-7f7678ae8000 rwxp 00000000 00:00 0 
7f7678ae8000-7f7678e07000 ---p 00000000 00:00 0 
7f7678e07000-7f7679b37000 rwxp 00000000 00:00 0 
7f7679b37000-7f768033f000 ---p 00000000 00:00 0 
7f768033f000-7f76805af000 rwxp 00000000 00:00 0 
7f76805af000-7f7687878000 ---p 00000000 00:00 0 
7f7687878000-7f7690000000 r--s 00000000 fc:01 258873                     /usr/lib/jvm/java-11-openjdk-amd64/lib/modules
7f7690000000-7f7691d37000 rw-p 00000000 00:00 0 
7f7691d37000-7f7694000000 ---p 00000000 00:00 0 
7f7694003000-7f7694034000 rw-p 00000000 00:00 0 
7f7694034000-7f769404a000 r-xp 00000000 fc:01 258863                     /usr/lib/jvm/java-11-openjdk-amd64/lib/libnet.so
7f769404a000-7f7694249000 ---p 00016000 fc:01 258863                     /usr/lib/jvm/java-11-openjdk-amd64/lib/libnet.so
7f7694249000-7f769424a000 r--p 00015000 fc:01 258863                     /usr/lib/jvm/java-11-openjdk-amd64/lib/libnet.so
7f769424a000-7f769424b000 rw-p 00016000 fc:01 258863                     /usr/lib/jvm/java-11-openjdk-amd64/lib/libnet.so
7f769424b000-7f769425b000 r-xp 00000000 fc:01 258864                     /usr/lib/jvm/java-11-openjdk-amd64/lib/libnio.so
7f769425b000-7f769445a000 ---p 00010000 fc:01 258864                     /usr/lib/jvm/java-11-openjdk-amd64/lib/libnio.so
7f769445a000-7f769445b000 r--p 0000f000 fc:01 258864                     /usr/lib/jvm/java-11-openjdk-amd64/lib/libnio.so
7f769445b000-7f769445c000 rw-p 00010000 fc:01 258864                     /usr/lib/jvm/java-11-openjdk-amd64/lib/libnio.so
7f769445c000-7f7694460000 ---p 00000000 00:00 0 
7f7694460000-7f769455d000 rw-p 00000000 00:00 0 
7f769455d000-7f769455e000 ---p 00000000 00:00 0 
7f769455e000-7f769465f000 rw-p 00000000 00:00 0 
7f769465f000-7f7694663000 ---p 00000000 00:00 0 
7f7694663000-7f7694760000 rw-p 00000000 00:00 0 
7f7694760000-7f7694764000 ---p 00000000 00:00 0 
7f7694764000-7f7694861000 rw-p 00000000 00:00 0 
7f7694861000-7f7694865000 ---p 00000000 00:00 0 
7f7694865000-7f7694962000 rw-p 00000000 00:00 0 
7f7694962000-7f7694966000 ---p 00000000 00:00 0 
7f7694966000-7f7694a63000 rw-p 00000000 00:00 0 
7f7694a63000-7f7694a67000 ---p 00000000 00:00 0 
7f7694a67000-7f7694b64000 rw-p 00000000 00:00 0 
7f7694b64000-7f7694b95000 r--p 00000000 fc:01 7829                       /usr/lib/locale/C.UTF-8/LC_CTYPE
7f7694b95000-7f7694d08000 r--p 00000000 fc:01 7828                       /usr/lib/locale/C.UTF-8/LC_COLLATE
7f7694d08000-7f7694ea3000 r--p 00000000 fc:01 7823                       /usr/lib/locale/locale-archive
7f7694ea3000-7f7694ea7000 ---p 00000000 00:00 0 
7f7694ea7000-7f7694fa4000 rw-p 00000000 00:00 0 
7f7694fa4000-7f7694fa8000 ---p 00000000 00:00 0 
7f7694fa8000-7f76950a5000 rw-p 00000000 00:00 0 
7f76950a5000-7f76950a6000 ---p 00000000 00:00 0 
7f76950a6000-7f7695aab000 rw-p 00000000 00:00 0 
7f7695aab000-7f7695af2000 rw-p 00000000 00:00 0 
7f7695af2000-7f7695bd8000 ---p 00000000 00:00 0 
7f7695bd8000-7f7695bf3000 rw-p 00000000 00:00 0 
7f7695bf3000-7f7695cc3000 ---p 00000000 00:00 0 
7f7695cc3000-7f7695cca000 r-xp 00000000 fc:01 258872                     /usr/lib/jvm/java-11-openjdk-amd64/lib/libzip.so
7f7695cca000-7f7695ec9000 ---p 00007000 fc:01 258872                     /usr/lib/jvm/java-11-openjdk-amd64/lib/libzip.so
7f7695ec9000-7f7695eca000 r--p 00006000 fc:01 258872                     /usr/lib/jvm/java-11-openjdk-amd64/lib/libzip.so
7f7695eca000-7f7695ecb000 rw-p 00007000 fc:01 258872                     /usr/lib/jvm/java-11-openjdk-amd64/lib/libzip.so
7f7695ecb000-7f7695ed6000 r-xp 00000000 fc:01 2234                       /lib/x86_64-linux-gnu/libnss_files-2.27.so
7f7695ed6000-7f76960d5000 ---p 0000b000 fc:01 2234                       /lib/x86_64-linux-gnu/libnss_files-2.27.so
7f76960d5000-7f76960d6000 r--p 0000a000 fc:01 2234                       /lib/x86_64-linux-gnu/libnss_files-2.27.so
7f76960d6000-7f76960d7000 rw-p 0000b000 fc:01 2234                       /lib/x86_64-linux-gnu/libnss_files-2.27.so
7f76960d7000-7f76960dd000 rw-p 00000000 00:00 0 
7f76960dd000-7f76960f4000 r-xp 00000000 fc:01 2231                       /lib/x86_64-linux-gnu/libnsl-2.27.so
7f76960f4000-7f76962f3000 ---p 00017000 fc:01 2231                       /lib/x86_64-linux-gnu/libnsl-2.27.so
7f76962f3000-7f76962f4000 r--p 00016000 fc:01 2231                       /lib/x86_64-linux-gnu/libnsl-2.27.so
7f76962f4000-7f76962f5000 rw-p 00017000 fc:01 2231                       /lib/x86_64-linux-gnu/libnsl-2.27.so
7f76962f5000-7f76962f7000 rw-p 00000000 00:00 0 
7f76962f7000-7f7696302000 r-xp 00000000 fc:01 2236                       /lib/x86_64-linux-gnu/libnss_nis-2.27.so
7f7696302000-7f7696501000 ---p 0000b000 fc:01 2236                       /lib/x86_64-linux-gnu/libnss_nis-2.27.so
7f7696501000-7f7696502000 r--p 0000a000 fc:01 2236                       /lib/x86_64-linux-gnu/libnss_nis-2.27.so
7f7696502000-7f7696503000 rw-p 0000b000 fc:01 2236                       /lib/x86_64-linux-gnu/libnss_nis-2.27.so
7f7696503000-7f769650b000 r-xp 00000000 fc:01 2232                       /lib/x86_64-linux-gnu/libnss_compat-2.27.so
7f769650b000-7f769670b000 ---p 00008000 fc:01 2232                       /lib/x86_64-linux-gnu/libnss_compat-2.27.so
7f769670b000-7f769670c000 r--p 00008000 fc:01 2232                       /lib/x86_64-linux-gnu/libnss_compat-2.27.so
7f769670c000-7f769670d000 rw-p 00009000 fc:01 2232                       /lib/x86_64-linux-gnu/libnss_compat-2.27.so
7f769670d000-7f7696712000 r-xp 00000000 fc:01 258855                     /usr/lib/jvm/java-11-openjdk-amd64/lib/libjimage.so
7f7696712000-7f7696911000 ---p 00005000 fc:01 258855                     /usr/lib/jvm/java-11-openjdk-amd64/lib/libjimage.so
7f7696911000-7f7696912000 r--p 00004000 fc:01 258855                     /usr/lib/jvm/java-11-openjdk-amd64/lib/libjimage.so
7f7696912000-7f7696913000 rw-p 00005000 fc:01 258855                     /usr/lib/jvm/java-11-openjdk-amd64/lib/libjimage.so
7f7696913000-7f769693b000 r-xp 00000000 fc:01 258852                     /usr/lib/jvm/java-11-openjdk-amd64/lib/libjava.so
7f769693b000-7f7696b3b000 ---p 00028000 fc:01 258852                     /usr/lib/jvm/java-11-openjdk-amd64/lib/libjava.so
7f7696b3b000-7f7696b3c000 r--p 00028000 fc:01 258852                     /usr/lib/jvm/java-11-openjdk-amd64/lib/libjava.so
7f7696b3c000-7f7696b3d000 rw-p 00029000 fc:01 258852                     /usr/lib/jvm/java-11-openjdk-amd64/lib/libjava.so
7f7696b3d000-7f7696b3e000 rw-p 00000000 00:00 0 
7f7696b3e000-7f7696b4b000 r-xp 00000000 fc:01 258871                     /usr/lib/jvm/java-11-openjdk-amd64/lib/libverify.so
7f7696b4b000-7f7696d4a000 ---p 0000d000 fc:01 258871                     /usr/lib/jvm/java-11-openjdk-amd64/lib/libverify.so
7f7696d4a000-7f7696d4c000 r--p 0000c000 fc:01 258871                     /usr/lib/jvm/java-11-openjdk-amd64/lib/libverify.so
7f7696d4c000-7f7696d4d000 rw-p 0000e000 fc:01 258871                     /usr/lib/jvm/java-11-openjdk-amd64/lib/libverify.so
7f7696d4d000-7f7696d54000 r-xp 00000000 fc:01 2252                       /lib/x86_64-linux-gnu/librt-2.27.so
7f7696d54000-7f7696f53000 ---p 00007000 fc:01 2252                       /lib/x86_64-linux-gnu/librt-2.27.so
7f7696f53000-7f7696f54000 r--p 00006000 fc:01 2252                       /lib/x86_64-linux-gnu/librt-2.27.so
7f7696f54000-7f7696f55000 rw-p 00007000 fc:01 2252                       /lib/x86_64-linux-gnu/librt-2.27.so
7f7696f55000-7f7696f6c000 r-xp 00000000 fc:01 2074                       /lib/x86_64-linux-gnu/libgcc_s.so.1
7f7696f6c000-7f769716b000 ---p 00017000 fc:01 2074                       /lib/x86_64-linux-gnu/libgcc_s.so.1
7f769716b000-7f769716c000 r--p 00016000 fc:01 2074                       /lib/x86_64-linux-gnu/libgcc_s.so.1
7f769716c000-7f769716d000 rw-p 00017000 fc:01 2074                       /lib/x86_64-linux-gnu/libgcc_s.so.1
7f769716d000-7f769730a000 r-xp 00000000 fc:01 2228                       /lib/x86_64-linux-gnu/libm-2.27.so
7f769730a000-7f7697509000 ---p 0019d000 fc:01 2228                       /lib/x86_64-linux-gnu/libm-2.27.so
7f7697509000-7f769750a000 r--p 0019c000 fc:01 2228                       /lib/x86_64-linux-gnu/libm-2.27.so
7f769750a000-7f769750b000 rw-p 0019d000 fc:01 2228                       /lib/x86_64-linux-gnu/libm-2.27.so
7f769750b000-7f7697684000 r-xp 00000000 fc:01 4782                       /usr/lib/x86_64-linux-gnu/libstdc++.so.6.0.25
7f7697684000-7f7697884000 ---p 00179000 fc:01 4782                       /usr/lib/x86_64-linux-gnu/libstdc++.so.6.0.25
7f7697884000-7f769788e000 r--p 00179000 fc:01 4782                       /usr/lib/x86_64-linux-gnu/libstdc++.so.6.0.25
7f769788e000-7f7697890000 rw-p 00183000 fc:01 4782                       /usr/lib/x86_64-linux-gnu/libstdc++.so.6.0.25
7f7697890000-7f7697894000 rw-p 00000000 00:00 0 
7f7697894000-7f769897c000 r-xp 00000000 fc:01 258878                     /usr/lib/jvm/java-11-openjdk-amd64/lib/server/libjvm.so
7f769897c000-7f7698b7b000 ---p 010e8000 fc:01 258878                     /usr/lib/jvm/java-11-openjdk-amd64/lib/server/libjvm.so
7f7698b7b000-7f7698c3c000 r--p 010e7000 fc:01 258878                     /usr/lib/jvm/java-11-openjdk-amd64/lib/server/libjvm.so
7f7698c3c000-7f7698c77000 rw-p 011a8000 fc:01 258878                     /usr/lib/jvm/java-11-openjdk-amd64/lib/server/libjvm.so
7f7698c77000-7f7698cce000 rw-p 00000000 00:00 0 
7f7698cce000-7f7698ce8000 r-xp 00000000 fc:01 2250                       /lib/x86_64-linux-gnu/libpthread-2.27.so
7f7698ce8000-7f7698ee7000 ---p 0001a000 fc:01 2250                       /lib/x86_64-linux-gnu/libpthread-2.27.so
7f7698ee7000-7f7698ee8000 r--p 00019000 fc:01 2250                       /lib/x86_64-linux-gnu/libpthread-2.27.so
7f7698ee8000-7f7698ee9000 rw-p 0001a000 fc:01 2250                       /lib/x86_64-linux-gnu/libpthread-2.27.so
7f7698ee9000-7f7698eed000 rw-p 00000000 00:00 0 
7f7698eed000-7f7698ef0000 r-xp 00000000 fc:01 2227                       /lib/x86_64-linux-gnu/libdl-2.27.so
7f7698ef0000-7f76990ef000 ---p 00003000 fc:01 2227                       /lib/x86_64-linux-gnu/libdl-2.27.so
7f76990ef000-7f76990f0000 r--p 00002000 fc:01 2227                       /lib/x86_64-linux-gnu/libdl-2.27.so
7f76990f0000-7f76990f1000 rw-p 00003000 fc:01 2227                       /lib/x86_64-linux-gnu/libdl-2.27.so
7f76990f1000-7f769910d000 r-xp 00000000 fc:01 2173                       /lib/x86_64-linux-gnu/libz.so.1.2.11
7f769910d000-7f769930c000 ---p 0001c000 fc:01 2173                       /lib/x86_64-linux-gnu/libz.so.1.2.11
7f769930c000-7f769930d000 r--p 0001b000 fc:01 2173                       /lib/x86_64-linux-gnu/libz.so.1.2.11
7f769930d000-7f769930e000 rw-p 0001c000 fc:01 2173                       /lib/x86_64-linux-gnu/libz.so.1.2.11
7f769930e000-7f76994f5000 r-xp 00000000 fc:01 2212                       /lib/x86_64-linux-gnu/libc-2.27.so
7f76994f5000-7f76996f5000 ---p 001e7000 fc:01 2212                       /lib/x86_64-linux-gnu/libc-2.27.so
7f76996f5000-7f76996f9000 r--p 001e7000 fc:01 2212                       /lib/x86_64-linux-gnu/libc-2.27.so
7f76996f9000-7f76996fb000 rw-p 001eb000 fc:01 2212                       /lib/x86_64-linux-gnu/libc-2.27.so
7f76996fb000-7f76996ff000 rw-p 00000000 00:00 0 
7f76996ff000-7f769970e000 r-xp 00000000 fc:01 258837                     /usr/lib/jvm/java-11-openjdk-amd64/lib/jli/libjli.so
7f769970e000-7f769990d000 ---p 0000f000 fc:01 258837                     /usr/lib/jvm/java-11-openjdk-amd64/lib/jli/libjli.so
7f769990d000-7f769990e000 r--p 0000e000 fc:01 258837                     /usr/lib/jvm/java-11-openjdk-amd64/lib/jli/libjli.so
7f769990e000-7f769990f000 rw-p 0000f000 fc:01 258837                     /usr/lib/jvm/java-11-openjdk-amd64/lib/jli/libjli.so
7f769990f000-7f7699938000 r-xp 00000000 fc:01 2176                       /lib/x86_64-linux-gnu/ld-2.27.so
7f769993a000-7f769993b000 r--p 00000000 fc:01 7834                       /usr/lib/locale/C.UTF-8/LC_NUMERIC
7f769993b000-7f769993c000 r--p 00000000 fc:01 7837                       /usr/lib/locale/C.UTF-8/LC_TIME
7f769993c000-7f769993d000 r--p 00000000 fc:01 7832                       /usr/lib/locale/C.UTF-8/LC_MONETARY
7f769993d000-7f769993e000 r--p 00000000 fc:01 7826                       /usr/lib/locale/C.UTF-8/LC_MESSAGES/SYS_LC_MESSAGES
7f769993e000-7f769993f000 r--p 00000000 fc:01 7835                       /usr/lib/locale/C.UTF-8/LC_PAPER
7f769993f000-7f7699940000 r--p 00000000 fc:01 7833                       /usr/lib/locale/C.UTF-8/LC_NAME
7f7699940000-7f7699947000 r--s 00000000 fc:01 5038                       /usr/lib/x86_64-linux-gnu/gconv/gconv-modules.cache
7f7699947000-7f7699964000 rw-p 00000000 00:00 0 
7f7699964000-7f769999a000 ---p 00000000 00:00 0 
7f769999a000-7f76999a8000 rw-p 00000000 00:00 0 
7f76999a8000-7f76999c3000 ---p 00000000 00:00 0 
7f76999c3000-7f76999e0000 rw-p 00000000 00:00 0 
7f76999e0000-7f7699a16000 ---p 00000000 00:00 0 
7f7699a16000-7f7699a1c000 rw-p 00000000 00:00 0 
7f7699a1c000-7f7699a23000 ---p 00000000 00:00 0 
7f7699a23000-7f7699a2b000 rw-s 00000000 fc:01 526797                     /tmp/hsperfdata_root/2805
7f7699a2b000-7f7699a2f000 ---p 00000000 00:00 0 
7f7699a2f000-7f7699b2e000 rw-p 00000000 00:00 0 
7f7699b2e000-7f7699b2f000 r--p 00000000 fc:01 7827                       /usr/lib/locale/C.UTF-8/LC_ADDRESS
7f7699b2f000-7f7699b30000 r--p 00000000 fc:01 7836                       /usr/lib/locale/C.UTF-8/LC_TELEPHONE
7f7699b30000-7f7699b31000 r--p 00000000 fc:01 7831                       /usr/lib/locale/C.UTF-8/LC_MEASUREMENT
7f7699b31000-7f7699b32000 r--p 00000000 fc:01 7830                       /usr/lib/locale/C.UTF-8/LC_IDENTIFICATION
7f7699b32000-7f7699b34000 r--s 00007000 fc:01 69154                      /usr/share/java/java-atk-wrapper.jar
7f7699b34000-7f7699b35000 ---p 00000000 00:00 0 
7f7699b35000-7f7699b36000 r--p 00000000 00:00 0 
7f7699b36000-7f7699b38000 rw-p 00000000 00:00 0 
7f7699b38000-7f7699b39000 r--p 00029000 fc:01 2176                       /lib/x86_64-linux-gnu/ld-2.27.so
7f7699b39000-7f7699b3a000 rw-p 0002a000 fc:01 2176                       /lib/x86_64-linux-gnu/ld-2.27.so
7f7699b3a000-7f7699b3b000 rw-p 00000000 00:00 0 
7ffd417b5000-7ffd417d6000 rw-p 00000000 00:00 0                          [stack]
7ffd417e7000-7ffd417ea000 r--p 00000000 00:00 0                          [vvar]
7ffd417ea000-7ffd417ec000 r-xp 00000000 00:00 0                          [vdso]
ffffffffff600000-ffffffffff601000 r-xp 00000000 00:00 0                  [vsyscall]


VM Arguments:
jvm_args: -Dclassworlds.conf=/usr/share/maven/bin/m2.conf -Dmaven.home=/usr/share/maven -Dlibrary.jansi.path=/usr/share/maven/lib/jansi-native -Dmaven.multiModuleProjectDirectory=/root/techno/techno-hub 
java_command: org.codehaus.plexus.classworlds.launcher.Launcher clean install
java_class_path (initial): /usr/share/maven/boot/plexus-classworlds-2.x.jar
Launcher Type: SUN_STANDARD

[Global flags]
     intx CICompilerCount                          = 2                                         {product} {ergonomic}
   size_t InitialHeapSize                          = 16777216                                  {product} {ergonomic}
   size_t MaxHeapSize                              = 260046848                                 {product} {ergonomic}
   size_t MaxNewSize                               = 86638592                                  {product} {ergonomic}
   size_t MinHeapDeltaBytes                        = 196608                                    {product} {ergonomic}
   size_t NewSize                                  = 5570560                                   {product} {ergonomic}
    uintx NonNMethodCodeHeapSize                   = 5825164                                {pd product} {ergonomic}
    uintx NonProfiledCodeHeapSize                  = 122916538                              {pd product} {ergonomic}
   size_t OldSize                                  = 11206656                                  {product} {ergonomic}
    uintx ProfiledCodeHeapSize                     = 122916538                              {pd product} {ergonomic}
    uintx ReservedCodeCacheSize                    = 251658240                              {pd product} {ergonomic}
     bool SegmentedCodeCache                       = true                                      {product} {ergonomic}
     bool UseCompressedClassPointers               = true                                 {lp64_product} {ergonomic}
     bool UseCompressedOops                        = true                                 {lp64_product} {ergonomic}
     bool UseSerialGC                              = true                                      {product} {ergonomic}

Logging:
Log output configuration:
 #0: stdout all=warning uptime,level,tags
 #1: stderr all=off uptime,level,tags

Environment Variables:
PATH=/usr/local/sbin:/usr/local/bin:/usr/sbin:/usr/bin:/sbin:/bin:/usr/games:/usr/local/games:/snap/bin
SHELL=/bin/bash
LANG=C.UTF-8

Signal Handlers:
SIGSEGV: [libjvm.so+0xe1d0a0], sa_mask[0]=11111111011111111101111111111110, sa_flags=SA_RESTART|SA_SIGINFO
SIGBUS: [libjvm.so+0xe1d0a0], sa_mask[0]=11111111011111111101111111111110, sa_flags=SA_RESTART|SA_SIGINFO
SIGFPE: [libjvm.so+0xe1d0a0], sa_mask[0]=11111111011111111101111111111110, sa_flags=SA_RESTART|SA_SIGINFO
SIGPIPE: [libjvm.so+0xb717f0], sa_mask[0]=11111111011111111101111111111110, sa_flags=SA_RESTART|SA_SIGINFO
SIGXFSZ: [libjvm.so+0xb717f0], sa_mask[0]=11111111011111111101111111111110, sa_flags=SA_RESTART|SA_SIGINFO
SIGILL: [libjvm.so+0xe1d0a0], sa_mask[0]=11111111011111111101111111111110, sa_flags=SA_RESTART|SA_SIGINFO
SIGUSR2: [libjvm.so+0xb71680], sa_mask[0]=00000000000000000000000000000000, sa_flags=SA_RESTART|SA_SIGINFO
SIGHUP: [libjvm.so+0xb71b30], sa_mask[0]=11111111011111111101111111111110, sa_flags=SA_RESTART|SA_SIGINFO
SIGINT: [libjvm.so+0xb71b30], sa_mask[0]=11111111011111111101111111111110, sa_flags=SA_RESTART|SA_SIGINFO
SIGTERM: [libjvm.so+0xb71b30], sa_mask[0]=11111111011111111101111111111110, sa_flags=SA_RESTART|SA_SIGINFO
SIGQUIT: [libjvm.so+0xb71b30], sa_mask[0]=11111111011111111101111111111110, sa_flags=SA_RESTART|SA_SIGINFO


---------------  S Y S T E M  ---------------

OS:DISTRIB_ID=Ubuntu
DISTRIB_RELEASE=18.04
DISTRIB_CODENAME=bionic
DISTRIB_DESCRIPTION="Ubuntu 18.04.5 LTS"
uname:Linux 4.15.0-154-generic #161-Ubuntu SMP Fri Jul 30 13:04:17 UTC 2021 x86_64
OS uptime: 0 days 4:15 hours
libc:glibc 2.27 NPTL 2.27 
rlimit (soft/hard): STACK 8192k/infinity , CORE 0k/infinity , NPROC 3836/3836 , NOFILE 1048576/1048576 , AS infinity/infinity , CPU infinity/infinity , DATA infinity/infinity , FSIZE infinity/infinity , MEMLOCK 65536k/65536k
load average:0.81 0.86 0.43

/proc/meminfo:
MemTotal:        1008780 kB
MemFree:           62528 kB
MemAvailable:       2108 kB
Buffers:             268 kB
Cached:             3524 kB
SwapCached:            0 kB
Active:           870240 kB
Inactive:           1884 kB
Active(anon):     868736 kB
Inactive(anon):      240 kB
Active(file):       1504 kB
Inactive(file):     1644 kB
Unevictable:           0 kB
Mlocked:               0 kB
SwapTotal:             0 kB
SwapFree:              0 kB
Dirty:                52 kB
Writeback:             0 kB
AnonPages:        868332 kB
Mapped:             2380 kB
Shmem:               628 kB
Slab:              44704 kB
SReclaimable:      18676 kB
SUnreclaim:        26028 kB
KernelStack:        3432 kB
PageTables:         7204 kB
NFS_Unstable:          0 kB
Bounce:                0 kB
WritebackTmp:          0 kB
CommitLimit:      504388 kB
Committed_AS:    1171852 kB
VmallocTotal:   34359738367 kB
VmallocUsed:           0 kB
VmallocChunk:          0 kB
HardwareCorrupted:     0 kB
AnonHugePages:         0 kB
ShmemHugePages:        0 kB
ShmemPmdMapped:        0 kB
CmaTotal:              0 kB
CmaFree:               0 kB
HugePages_Total:       0
HugePages_Free:        0
HugePages_Rsvd:        0
HugePages_Surp:        0
Hugepagesize:       2048 kB
DirectMap4k:       73708 kB
DirectMap2M:      974848 kB

/sys/kernel/mm/transparent_hugepage/enabled:
always [madvise] never
/sys/kernel/mm/transparent_hugepage/defrag (defrag/compaction efforts parameter):
always defer defer+madvise [madvise] never

Process Memory:
Virtual Size: 2318264K (peak: 11272824K)
Resident Set Size: 199584K (peak: 205652K) (anon: 199584K, file: 0K, shmem: 0K)
Swapped out: 0K
C-Heap outstanding allocations: 58223K

/proc/sys/kernel/threads-max (system-wide limit on the number of threads):
7672
/proc/sys/vm/max_map_count (maximum number of memory map areas a process may have):
65530
/proc/sys/kernel/pid_max (system-wide limit on number of process identifiers):
32768

container (cgroup) information:
container_type: cgroupv1
cpu_cpuset_cpus: 0
cpu_memory_nodes: 0
active_processor_count: 1
cpu_quota: -1
cpu_period: 100000
cpu_shares: -1
memory_limit_in_bytes: -1
memory_and_swap_limit_in_bytes: -2
memory_soft_limit_in_bytes: -1
memory_usage_in_bytes: 865136640
memory_max_usage_in_bytes: 883351552

KVM virtualization detected
Steal ticks since vm start: 0
Steal ticks percentage since vm start:  0.000

CPU:total 1 (initial active 1) (1 cores per cpu, 1 threads per core) family 6 model 63 stepping 2 microcode 0x1, cmov, cx8, fxsr, mmx, sse, sse2, sse3, ssse3, sse4.1, sse4.2, popcnt, avx, avx2, aes, clmul, erms, lzcnt, tsc, bmi1, bmi2, fma
CPU Model and flags from /proc/cpuinfo:
model name	: DO-Regular
flags		: fpu vme de pse tsc msr pae mce cx8 apic sep mtrr pge mca cmov pat pse36 clflush mmx fxsr sse sse2 ss syscall nx rdtscp lm constant_tsc arch_perfmon rep_good nopl cpuid tsc_known_freq pni pclmulqdq vmx ssse3 fma cx16 pcid sse4_1 sse4_2 x2apic movbe popcnt tsc_deadline_timer aes xsave avx f16c rdrand hypervisor lahf_lm abm cpuid_fault invpcid_single pti ssbd ibrs ibpb tpr_shadow vnmi flexpriority ept vpid fsgsbase tsc_adjust bmi1 avx2 smep bmi2 erms invpcid xsaveopt md_clear
Online cpus:
0
Offline cpus:

BIOS frequency limitation:
<Not Available>
Frequency switch latency (ns):
<Not Available>
Available cpu frequencies:
<Not Available>
Current governor:
<Not Available>
Core performance/turbo boost:
<Not Available>

Memory: 4k page, physical 1008780k(62528k free), swap 0k(0k free)

vm_info: OpenJDK 64-Bit Server VM (11.0.11+9-Ubuntu-0ubuntu2.18.04) for linux-amd64 JRE (11.0.11+9-Ubuntu-0ubuntu2.18.04), built on Apr 21 2021 09:15:32 by "unknown" with gcc 8.4.0

END.
