
  .   ____          _            __ _ _
 /\\ / ___'_ __ _ _(_)_ __  __ _ \ \ \ \
( ( )\___ | '_ | '_| | '_ \/ _` | \ \ \ \
 \\/  ___)| |_)| | | | | || (_| |  ) ) ) )
  '  |____| .__|_| |_|_| |_\__, | / / / /
 =========|_|==============|___/=/_/_/_/
 :: Spring Boot ::                (v2.5.1)

2021-08-18 13:41:55.660  INFO 12623 --- [           main] com.technoHub.TechnoHubApplication       : Starting TechnoHubApplication v0.0.1-SNAPSHOT using Java 11.0.11 on -s-1vcpu-1gb-sgp1-01 with PID 12623 (/root/techno/techno-hub/target/TechnoHub-0.0.1-SNAPSHOT.jar started by root in /root/techno/techno-hub/target)
2021-08-18 13:41:55.663  INFO 12623 --- [           main] com.technoHub.TechnoHubApplication       : No active profile set, falling back to default profiles: default
2021-08-18 13:41:58.518  INFO 12623 --- [           main] .s.d.r.c.RepositoryConfigurationDelegate : Bootstrapping Spring Data JPA repositories in DEFAULT mode.
2021-08-18 13:41:58.688  INFO 12623 --- [           main] .s.d.r.c.RepositoryConfigurationDelegate : Finished Spring Data repository scanning in 149 ms. Found 2 JPA repository interfaces.
2021-08-18 13:42:00.450  INFO 12623 --- [           main] o.s.b.w.embedded.tomcat.TomcatWebServer  : Tomcat initialized with port(s): 80 (http)
2021-08-18 13:42:00.480  INFO 12623 --- [           main] o.apache.catalina.core.StandardService   : Starting service [Tomcat]
2021-08-18 13:42:00.481  INFO 12623 --- [           main] org.apache.catalina.core.StandardEngine  : Starting Servlet engine: [Apache Tomcat/9.0.46]
2021-08-18 13:42:00.672  INFO 12623 --- [           main] o.a.c.c.C.[Tomcat].[localhost].[/]       : Initializing Spring embedded WebApplicationContext
2021-08-18 13:42:00.672  INFO 12623 --- [           main] w.s.c.ServletWebServerApplicationContext : Root WebApplicationContext: initialization completed in 4862 ms
2021-08-18 13:42:01.723  INFO 12623 --- [           main] com.zaxxer.hikari.HikariDataSource       : HikariPool-1 - Starting...
2021-08-18 13:42:02.605  INFO 12623 --- [           main] com.zaxxer.hikari.HikariDataSource       : HikariPool-1 - Start completed.
2021-08-18 13:42:03.074  INFO 12623 --- [           main] o.hibernate.jpa.internal.util.LogHelper  : HHH000204: Processing PersistenceUnitInfo [name: default]
2021-08-18 13:42:03.352  INFO 12623 --- [           main] org.hibernate.Version                    : HHH000412: Hibernate ORM core version 5.4.32.Final
2021-08-18 13:42:03.725  INFO 12623 --- [           main] o.hibernate.annotations.common.Version   : HCANN000001: Hibernate Commons Annotations {5.1.2.Final}
2021-08-18 13:42:04.138  INFO 12623 --- [           main] org.hibernate.dialect.Dialect            : HHH000400: Using dialect: org.hibernate.dialect.MySQL8Dialect
2021-08-18 13:42:05.457  INFO 12623 --- [           main] o.h.e.t.j.p.i.JtaPlatformInitiator       : HHH000490: Using JtaPlatform implementation: [org.hibernate.engine.transaction.jta.platform.internal.NoJtaPlatform]
2021-08-18 13:42:05.489  INFO 12623 --- [           main] j.LocalContainerEntityManagerFactoryBean : Initialized JPA EntityManagerFactory for persistence unit 'default'
2021-08-18 13:42:07.630  INFO 12623 --- [           main] o.s.s.web.DefaultSecurityFilterChain     : Will secure any request with [org.springframework.security.web.context.request.async.WebAsyncManagerIntegrationFilter@610d28b8, org.springframework.security.web.context.SecurityContextPersistenceFilter@60e06f7d, org.springframework.security.web.header.HeaderWriterFilter@fb0a08c, org.springframework.security.web.authentication.logout.LogoutFilter@60a7e509, org.springframework.security.web.authentication.UsernamePasswordAuthenticationFilter@6dd36ab6, org.springframework.security.web.savedrequest.RequestCacheAwareFilter@771a7d53, org.springframework.security.web.servletapi.SecurityContextHolderAwareRequestFilter@7e4579c7, org.springframework.security.web.authentication.AnonymousAuthenticationFilter@53c99b09, org.springframework.security.web.session.SessionManagementFilter@4debbf0, org.springframework.security.web.access.ExceptionTranslationFilter@687e6293, org.springframework.security.web.access.intercept.FilterSecurityInterceptor@76f881d9]
2021-08-18 13:42:08.939  INFO 12623 --- [           main] o.s.b.a.e.web.EndpointLinksResolver      : Exposing 1 endpoint(s) beneath base path '/actuator'
2021-08-18 13:42:09.050  INFO 12623 --- [           main] o.s.b.w.embedded.tomcat.TomcatWebServer  : Tomcat started on port(s): 80 (http) with context path ''
2021-08-18 13:42:09.086  INFO 12623 --- [           main] com.technoHub.TechnoHubApplication       : Started TechnoHubApplication in 14.711 seconds (JVM running for 15.818)
2021-08-18 13:42:09.656  INFO 12623 --- [p-nio-80-exec-1] o.a.c.c.C.[Tomcat].[localhost].[/]       : Initializing Spring DispatcherServlet 'dispatcherServlet'
2021-08-18 13:42:09.657  INFO 12623 --- [p-nio-80-exec-1] o.s.web.servlet.DispatcherServlet        : Initializing Servlet 'dispatcherServlet'
2021-08-18 13:42:09.660  INFO 12623 --- [p-nio-80-exec-1] o.s.web.servlet.DispatcherServlet        : Completed initialization in 3 ms
zzz@gmail.com
Hibernate: 
    select
        count(*) as col_0_0_ 
    from
        user user0_ 
    where
        user0_.email=?
zzz@gmail.com
Hibernate: 
    select
        count(*) as col_0_0_ 
    from
        user user0_ 
    where
        user0_.email=?
2021-08-18 14:03:05.539  WARN 12623 --- [p-nio-80-exec-9] .w.s.m.s.DefaultHandlerExceptionResolver : Resolved [org.springframework.web.HttpRequestMethodNotSupportedException: Request method 'POST' not supported]
2021-08-18 14:31:00.288  WARN 12623 --- [p-nio-80-exec-9] .w.s.m.s.DefaultHandlerExceptionResolver : Resolved [org.springframework.web.HttpRequestMethodNotSupportedException: Request method 'POST' not supported]
2021-08-18 16:02:30.239  WARN 12623 --- [p-nio-80-exec-7] .w.s.m.s.DefaultHandlerExceptionResolver : Resolved [org.springframework.web.HttpRequestMethodNotSupportedException: Request method 'POST' not supported]
2021-08-18 16:18:19.883  INFO 12623 --- [p-nio-80-exec-8] o.apache.coyote.http11.Http11Processor   : Error parsing HTTP request header
 Note: further occurrences of HTTP request parsing errors will be logged at DEBUG level.

java.lang.IllegalArgumentException: Invalid character found in the request target [/index.php?s=/Index/\think\app/invokefunction&function=call_user_func_array&vars[0]=md5&vars[1][]=HelloThinkPHP21 ]. The valid characters are defined in RFC 7230 and RFC 3986
	at org.apache.coyote.http11.Http11InputBuffer.parseRequestLine(Http11InputBuffer.java:490) ~[tomcat-embed-core-9.0.46.jar!/:na]
	at org.apache.coyote.http11.Http11Processor.service(Http11Processor.java:261) ~[tomcat-embed-core-9.0.46.jar!/:na]
	at org.apache.coyote.AbstractProcessorLight.process(AbstractProcessorLight.java:65) ~[tomcat-embed-core-9.0.46.jar!/:na]
	at org.apache.coyote.AbstractProtocol$ConnectionHandler.process(AbstractProtocol.java:893) ~[tomcat-embed-core-9.0.46.jar!/:na]
	at org.apache.tomcat.util.net.NioEndpoint$SocketProcessor.doRun(NioEndpoint.java:1707) ~[tomcat-embed-core-9.0.46.jar!/:na]
	at org.apache.tomcat.util.net.SocketProcessorBase.run(SocketProcessorBase.java:49) ~[tomcat-embed-core-9.0.46.jar!/:na]
	at java.base/java.util.concurrent.ThreadPoolExecutor.runWorker(ThreadPoolExecutor.java:1128) ~[na:na]
	at java.base/java.util.concurrent.ThreadPoolExecutor$Worker.run(ThreadPoolExecutor.java:628) ~[na:na]
	at org.apache.tomcat.util.threads.TaskThread$WrappingRunnable.run(TaskThread.java:61) ~[tomcat-embed-core-9.0.46.jar!/:na]
	at java.base/java.lang.Thread.run(Thread.java:829) ~[na:na]

2021-08-18 19:13:10.107  WARN 12623 --- [p-nio-80-exec-2] .w.s.m.s.DefaultHandlerExceptionResolver : Resolved [org.springframework.web.HttpRequestMethodNotSupportedException: Request method 'POST' not supported]
2021-08-18 20:31:07.830  WARN 12623 --- [p-nio-80-exec-6] .w.s.m.s.DefaultHandlerExceptionResolver : Resolved [org.springframework.web.HttpRequestMethodNotSupportedException: Request method 'POST' not supported]
2021-08-18 22:10:49.013  INFO 12623 --- [p-nio-80-exec-1] o.apache.coyote.http11.Http11Processor   : Error parsing HTTP request header
 Note: further occurrences of HTTP request parsing errors will be logged at DEBUG level.

java.lang.IllegalArgumentException: Invalid character found in the request target [/index.php?s=/Index/\think\app/invokefunction&function=call_user_func_array&vars[0]=md5&vars[1][]=HelloThinkPHP21 ]. The valid characters are defined in RFC 7230 and RFC 3986
	at org.apache.coyote.http11.Http11InputBuffer.parseRequestLine(Http11InputBuffer.java:490) ~[tomcat-embed-core-9.0.46.jar!/:na]
	at org.apache.coyote.http11.Http11Processor.service(Http11Processor.java:261) ~[tomcat-embed-core-9.0.46.jar!/:na]
	at org.apache.coyote.AbstractProcessorLight.process(AbstractProcessorLight.java:65) ~[tomcat-embed-core-9.0.46.jar!/:na]
	at org.apache.coyote.AbstractProtocol$ConnectionHandler.process(AbstractProtocol.java:893) ~[tomcat-embed-core-9.0.46.jar!/:na]
	at org.apache.tomcat.util.net.NioEndpoint$SocketProcessor.doRun(NioEndpoint.java:1707) ~[tomcat-embed-core-9.0.46.jar!/:na]
	at org.apache.tomcat.util.net.SocketProcessorBase.run(SocketProcessorBase.java:49) ~[tomcat-embed-core-9.0.46.jar!/:na]
	at java.base/java.util.concurrent.ThreadPoolExecutor.runWorker(ThreadPoolExecutor.java:1128) ~[na:na]
	at java.base/java.util.concurrent.ThreadPoolExecutor$Worker.run(ThreadPoolExecutor.java:628) ~[na:na]
	at org.apache.tomcat.util.threads.TaskThread$WrappingRunnable.run(TaskThread.java:61) ~[tomcat-embed-core-9.0.46.jar!/:na]
	at java.base/java.lang.Thread.run(Thread.java:829) ~[na:na]

2021-08-18 22:10:52.048 ERROR 12623 --- [-nio-80-exec-10] o.a.c.c.C.[.[.[/].[dispatcherServlet]    : Servlet.service() for servlet [dispatcherServlet] in context with path [] threw exception

org.springframework.security.web.firewall.RequestRejectedException: The request was rejected because the URL contained a potentially malicious String ";"
	at org.springframework.security.web.firewall.StrictHttpFirewall.rejectedBlocklistedUrls(StrictHttpFirewall.java:456) ~[spring-security-web-5.5.0.jar!/:5.5.0]
	at org.springframework.security.web.firewall.StrictHttpFirewall.getFirewalledRequest(StrictHttpFirewall.java:429) ~[spring-security-web-5.5.0.jar!/:5.5.0]
	at org.springframework.security.web.FilterChainProxy.doFilterInternal(FilterChainProxy.java:196) ~[spring-security-web-5.5.0.jar!/:5.5.0]
	at org.springframework.security.web.FilterChainProxy.doFilter(FilterChainProxy.java:183) ~[spring-security-web-5.5.0.jar!/:5.5.0]
	at org.springframework.web.filter.DelegatingFilterProxy.invokeDelegate(DelegatingFilterProxy.java:358) ~[spring-web-5.3.8.jar!/:5.3.8]
	at org.springframework.web.filter.DelegatingFilterProxy.doFilter(DelegatingFilterProxy.java:271) ~[spring-web-5.3.8.jar!/:5.3.8]
	at org.apache.catalina.core.ApplicationFilterChain.internalDoFilter(ApplicationFilterChain.java:189) ~[tomcat-embed-core-9.0.46.jar!/:na]
	at org.apache.catalina.core.ApplicationFilterChain.doFilter(ApplicationFilterChain.java:162) ~[tomcat-embed-core-9.0.46.jar!/:na]
	at org.springframework.web.filter.RequestContextFilter.doFilterInternal(RequestContextFilter.java:100) ~[spring-web-5.3.8.jar!/:5.3.8]
	at org.springframework.web.filter.OncePerRequestFilter.doFilter(OncePerRequestFilter.java:119) ~[spring-web-5.3.8.jar!/:5.3.8]
	at org.apache.catalina.core.ApplicationFilterChain.internalDoFilter(ApplicationFilterChain.java:189) ~[tomcat-embed-core-9.0.46.jar!/:na]
	at org.apache.catalina.core.ApplicationFilterChain.doFilter(ApplicationFilterChain.java:162) ~[tomcat-embed-core-9.0.46.jar!/:na]
	at org.springframework.web.filter.FormContentFilter.doFilterInternal(FormContentFilter.java:93) ~[spring-web-5.3.8.jar!/:5.3.8]
	at org.springframework.web.filter.OncePerRequestFilter.doFilter(OncePerRequestFilter.java:119) ~[spring-web-5.3.8.jar!/:5.3.8]
	at org.apache.catalina.core.ApplicationFilterChain.internalDoFilter(ApplicationFilterChain.java:189) ~[tomcat-embed-core-9.0.46.jar!/:na]
	at org.apache.catalina.core.ApplicationFilterChain.doFilter(ApplicationFilterChain.java:162) ~[tomcat-embed-core-9.0.46.jar!/:na]
	at org.springframework.boot.actuate.metrics.web.servlet.WebMvcMetricsFilter.doFilterInternal(WebMvcMetricsFilter.java:96) ~[spring-boot-actuator-2.5.1.jar!/:2.5.1]
	at org.springframework.web.filter.OncePerRequestFilter.doFilter(OncePerRequestFilter.java:119) ~[spring-web-5.3.8.jar!/:5.3.8]
	at org.apache.catalina.core.ApplicationFilterChain.internalDoFilter(ApplicationFilterChain.java:189) ~[tomcat-embed-core-9.0.46.jar!/:na]
	at org.apache.catalina.core.ApplicationFilterChain.doFilter(ApplicationFilterChain.java:162) ~[tomcat-embed-core-9.0.46.jar!/:na]
	at org.springframework.web.filter.CharacterEncodingFilter.doFilterInternal(CharacterEncodingFilter.java:201) ~[spring-web-5.3.8.jar!/:5.3.8]
	at org.springframework.web.filter.OncePerRequestFilter.doFilter(OncePerRequestFilter.java:119) ~[spring-web-5.3.8.jar!/:5.3.8]
	at org.apache.catalina.core.ApplicationFilterChain.internalDoFilter(ApplicationFilterChain.java:189) ~[tomcat-embed-core-9.0.46.jar!/:na]
	at org.apache.catalina.core.ApplicationFilterChain.doFilter(ApplicationFilterChain.java:162) ~[tomcat-embed-core-9.0.46.jar!/:na]
	at org.apache.catalina.core.StandardWrapperValve.invoke(StandardWrapperValve.java:202) ~[tomcat-embed-core-9.0.46.jar!/:na]
	at org.apache.catalina.core.StandardContextValve.invoke(StandardContextValve.java:97) ~[tomcat-embed-core-9.0.46.jar!/:na]
	at org.apache.catalina.authenticator.AuthenticatorBase.invoke(AuthenticatorBase.java:542) ~[tomcat-embed-core-9.0.46.jar!/:na]
	at org.apache.catalina.core.StandardHostValve.invoke(StandardHostValve.java:143) ~[tomcat-embed-core-9.0.46.jar!/:na]
	at org.apache.catalina.valves.ErrorReportValve.invoke(ErrorReportValve.java:92) ~[tomcat-embed-core-9.0.46.jar!/:na]
	at org.apache.catalina.core.StandardEngineValve.invoke(StandardEngineValve.java:78) ~[tomcat-embed-core-9.0.46.jar!/:na]
	at org.apache.catalina.connector.CoyoteAdapter.service(CoyoteAdapter.java:357) ~[tomcat-embed-core-9.0.46.jar!/:na]
	at org.apache.coyote.http11.Http11Processor.service(Http11Processor.java:374) ~[tomcat-embed-core-9.0.46.jar!/:na]
	at org.apache.coyote.AbstractProcessorLight.process(AbstractProcessorLight.java:65) ~[tomcat-embed-core-9.0.46.jar!/:na]
	at org.apache.coyote.AbstractProtocol$ConnectionHandler.process(AbstractProtocol.java:893) ~[tomcat-embed-core-9.0.46.jar!/:na]
	at org.apache.tomcat.util.net.NioEndpoint$SocketProcessor.doRun(NioEndpoint.java:1707) ~[tomcat-embed-core-9.0.46.jar!/:na]
	at org.apache.tomcat.util.net.SocketProcessorBase.run(SocketProcessorBase.java:49) ~[tomcat-embed-core-9.0.46.jar!/:na]
	at java.base/java.util.concurrent.ThreadPoolExecutor.runWorker(ThreadPoolExecutor.java:1128) ~[na:na]
	at java.base/java.util.concurrent.ThreadPoolExecutor$Worker.run(ThreadPoolExecutor.java:628) ~[na:na]
	at org.apache.tomcat.util.threads.TaskThread$WrappingRunnable.run(TaskThread.java:61) ~[tomcat-embed-core-9.0.46.jar!/:na]
	at java.base/java.lang.Thread.run(Thread.java:829) ~[na:na]

siddharthmadhav769@gmail.com
Hibernate: 
    select
        count(*) as col_0_0_ 
    from
        user user0_ 
    where
        user0_.email=?
hjshai@gmail.com
Hibernate: 
    select
        count(*) as col_0_0_ 
    from
        user user0_ 
    where
        user0_.email=?
Hibernate: 
    select
        user0_.email as email1_1_0_,
        user0_.role as role2_1_0_,
        user0_.address as address3_1_0_,
        user0_.first_name as first_na4_1_0_,
        user0_.gender as gender5_1_0_,
        user0_.last_name as last_nam6_1_0_,
        user0_.mobile_number as mobile_n7_1_0_,
        user0_.password as password8_1_0_ 
    from
        user user0_ 
    where
        user0_.email=?
Hibernate: 
    insert 
    into
        user
        (role, address, first_name, gender, last_name, mobile_number, password, email) 
    values
        (?, ?, ?, ?, ?, ?, ?, ?)
2021-08-19 02:52:46.751  WARN 12623 --- [p-nio-80-exec-9] .w.s.m.s.DefaultHandlerExceptionResolver : Resolved [org.springframework.web.HttpRequestMethodNotSupportedException: Request method 'POST' not supported]
siddharthmadhav769@gmail.com
Hibernate: 
    select
        count(*) as col_0_0_ 
    from
        user user0_ 
    where
        user0_.email=?
kksjjs@gmail.com
Hibernate: 
    select
        count(*) as col_0_0_ 
    from
        user user0_ 
    where
        user0_.email=?
Hibernate: 
    select
        user0_.email as email1_1_0_,
        user0_.role as role2_1_0_,
        user0_.address as address3_1_0_,
        user0_.first_name as first_na4_1_0_,
        user0_.gender as gender5_1_0_,
        user0_.last_name as last_nam6_1_0_,
        user0_.mobile_number as mobile_n7_1_0_,
        user0_.password as password8_1_0_ 
    from
        user user0_ 
    where
        user0_.email=?
Hibernate: 
    insert 
    into
        user
        (role, address, first_name, gender, last_name, mobile_number, password, email) 
    values
        (?, ?, ?, ?, ?, ?, ?, ?)
siddharthmadhav769@gmail.com
Hibernate: 
    select
        count(*) as col_0_0_ 
    from
        user user0_ 
    where
        user0_.email=?
abcdefghi@gmail.com
Hibernate: 
    select
        count(*) as col_0_0_ 
    from
        user user0_ 
    where
        user0_.email=?
Hibernate: 
    select
        user0_.email as email1_1_0_,
        user0_.role as role2_1_0_,
        user0_.address as address3_1_0_,
        user0_.first_name as first_na4_1_0_,
        user0_.gender as gender5_1_0_,
        user0_.last_name as last_nam6_1_0_,
        user0_.mobile_number as mobile_n7_1_0_,
        user0_.password as password8_1_0_ 
    from
        user user0_ 
    where
        user0_.email=?
Hibernate: 
    insert 
    into
        user
        (role, address, first_name, gender, last_name, mobile_number, password, email) 
    values
        (?, ?, ?, ?, ?, ?, ?, ?)
abcdefghi@gmail.com
Hibernate: 
    select
        count(*) as col_0_0_ 
    from
        user user0_ 
    where
        user0_.email=?
siddharthmadhav769@gmail.com
Hibernate: 
    select
        count(*) as col_0_0_ 
    from
        user user0_ 
    where
        user0_.email=?
technohubsidhr@gmail.com
Hibernate: 
    select
        count(*) as col_0_0_ 
    from
        user user0_ 
    where
        user0_.email=?
njghjug@gmail.com
Hibernate: 
    select
        count(*) as col_0_0_ 
    from
        user user0_ 
    where
        user0_.email=?
Hibernate: 
    select
        user0_.email as email1_1_0_,
        user0_.role as role2_1_0_,
        user0_.address as address3_1_0_,
        user0_.first_name as first_na4_1_0_,
        user0_.gender as gender5_1_0_,
        user0_.last_name as last_nam6_1_0_,
        user0_.mobile_number as mobile_n7_1_0_,
        user0_.password as password8_1_0_ 
    from
        user user0_ 
    where
        user0_.email=?
Hibernate: 
    insert 
    into
        user
        (role, address, first_name, gender, last_name, mobile_number, password, email) 
    values
        (?, ?, ?, ?, ?, ?, ?, ?)
